<?xml version="1.0" encoding="UTF-8"?>
<!-- Generated by org.testng.reporters.JUnitReportReporter -->
<testsuite hostname="EPPLKRAW0119" name="tests.ThreaddsTest" tests="30" failures="0" timestamp="22 Feb 2015 16:46:54 GMT" time="0.172" errors="0">
  <testcase name="checkThreads" time="0.000" classname="tests.ThreaddsTest"/>
  <testcase name="checkThreads" time="0.016" classname="tests.ThreaddsTest"/>
  <testcase name="checkThreads" time="0.001" classname="tests.ThreaddsTest"/>
  <testcase name="checkThreads" time="0.001" classname="tests.ThreaddsTest"/>
  <testcase name="checkThreads" time="0.001" classname="tests.ThreaddsTest"/>
  <testcase name="checkThreads" time="0.001" classname="tests.ThreaddsTest"/>
  <testcase name="checkThreads" time="0.011" classname="tests.ThreaddsTest"/>
  <testcase name="checkThreads" time="0.001" classname="tests.ThreaddsTest"/>
  <testcase name="checkThreads" time="0.001" classname="tests.ThreaddsTest"/>
  <testcase name="checkThreads" time="0.001" classname="tests.ThreaddsTest"/>
  <testcase name="checkThreads" time="0.019" classname="tests.ThreaddsTest"/>
  <testcase name="checkThreads" time="0.001" classname="tests.ThreaddsTest"/>
  <testcase name="checkThreads" time="0.009" classname="tests.ThreaddsTest"/>
  <testcase name="checkThreads" time="0.015" classname="tests.ThreaddsTest"/>
  <testcase name="checkThreads" time="0.015" classname="tests.ThreaddsTest"/>
  <testcase name="checkThreads" time="0.003" classname="tests.ThreaddsTest"/>
  <testcase name="checkThreads" time="0.003" classname="tests.ThreaddsTest"/>
  <testcase name="checkThreads" time="0.004" classname="tests.ThreaddsTest"/>
  <testcase name="checkThreads" time="0.016" classname="tests.ThreaddsTest"/>
  <testcase name="checkThreads" time="0.001" classname="tests.ThreaddsTest"/>
  <testcase name="checkThreads" time="0.003" classname="tests.ThreaddsTest"/>
  <testcase name="checkThreads" time="0.002" classname="tests.ThreaddsTest"/>
  <testcase name="checkThreads" time="0.005" classname="tests.ThreaddsTest"/>
  <testcase name="checkThreads" time="0.001" classname="tests.ThreaddsTest"/>
  <testcase name="checkThreads" time="0.001" classname="tests.ThreaddsTest"/>
  <testcase name="checkThreads" time="0.001" classname="tests.ThreaddsTest"/>
  <testcase name="checkThreads" time="0.016" classname="tests.ThreaddsTest"/>
  <testcase name="checkThreads" time="0.011" classname="tests.ThreaddsTest"/>
  <testcase name="checkThreads" time="0.011" classname="tests.ThreaddsTest"/>
  <testcase name="checkThreads" time="0.001" classname="tests.ThreaddsTest"/>
</testsuite> <!-- tests.ThreaddsTest -->
