<?xml version="1.0" encoding="UTF-8"?>
<!-- Generated by org.testng.reporters.JUnitReportReporter -->
<testsuite hostname="EPPLKRAW0119" name="TestFactory" tests="1" failures="0" timestamp="22 Feb 2015 11:40:12 GMT" time="0.017" errors="0">
  <testcase name="attamptTest" time="0.017" classname="TestFactory"/>
</testsuite> <!-- TestFactory -->
