<?xml version="1.0" encoding="UTF-8"?>
<!-- Generated by org.testng.reporters.JUnitReportReporter -->
<testsuite hostname="EPPLKRAW0119" name="testNGtest" tests="46" failures="0" timestamp="22 Feb 2015 11:36:34 GMT" time="0.151" errors="1">
  <testcase name="checkThreads" time="0.000" classname="testNGtest"/>
  <testcase name="checkThreads" time="0.000" classname="testNGtest"/>
  <testcase name="executeOperation" time="0.000" classname="testNGtest"/>
  <testcase name="checkThreads" time="0.001" classname="testNGtest"/>
  <testcase name="checkThreads" time="0.015" classname="testNGtest"/>
  <testcase name="multipTest" time="0.002" classname="testNGtest"/>
  <testcase name="tontuna" time="0.002" classname="testNGtest">
    <error type="java.lang.AssertionError" message="TestCase failed, result is false">
      <![CDATA[java.lang.AssertionError: TestCase failed, result is false
	at org.testng.AssertJUnit.fail(AssertJUnit.java:59)
	at org.testng.AssertJUnit.assertTrue(AssertJUnit.java:24)
	at testNGtest.tontuna(testNGtest.java:63)
	at sun.reflect.NativeMethodAccessorImpl.invoke0(Native Method)
	at sun.reflect.NativeMethodAccessorImpl.invoke(Unknown Source)
	at sun.reflect.DelegatingMethodAccessorImpl.invoke(Unknown Source)
	at java.lang.reflect.Method.invoke(Unknown Source)
	at org.testng.internal.MethodInvocationHelper.invokeMethod(MethodInvocationHelper.java:84)
	at org.testng.internal.Invoker.invokeMethod(Invoker.java:714)
	at org.testng.internal.Invoker.invokeTestMethod(Invoker.java:901)
	at org.testng.internal.Invoker.invokeTestMethods(Invoker.java:1231)
	at org.testng.internal.TestMethodWorker.invokeTestMethods(TestMethodWorker.java:127)
	at org.testng.internal.TestMethodWorker.run(TestMethodWorker.java:111)
	at org.testng.TestRunner.privateRun(TestRunner.java:767)
	at org.testng.TestRunner.run(TestRunner.java:617)
	at org.testng.SuiteRunner.runTest(SuiteRunner.java:334)
	at org.testng.SuiteRunner.runSequentially(SuiteRunner.java:329)
	at org.testng.SuiteRunner.privateRun(SuiteRunner.java:291)
	at org.testng.SuiteRunner.run(SuiteRunner.java:240)
	at org.testng.SuiteRunnerWorker.runSuite(SuiteRunnerWorker.java:52)
	at org.testng.SuiteRunnerWorker.run(SuiteRunnerWorker.java:86)
	at org.testng.TestNG.runSuitesSequentially(TestNG.java:1224)
	at org.testng.TestNG.runSuitesLocally(TestNG.java:1149)
	at org.testng.TestNG.run(TestNG.java:1057)
	at org.testng.remote.RemoteTestNG.run(RemoteTestNG.java:111)
	at org.testng.remote.RemoteTestNG.initAndRun(RemoteTestNG.java:204)
	at org.testng.remote.RemoteTestNG.main(RemoteTestNG.java:175)
]]>
    </error>
  </testcase> <!-- tontuna -->
  <testcase name="subsTest" time="0.000" classname="testNGtest"/>
  <testcase name="checkThreads" time="0.001" classname="testNGtest"/>
  <testcase name="checkThreads" time="0.000" classname="testNGtest"/>
  <testcase name="checkThreads" time="0.003" classname="testNGtest"/>
  <testcase name="sumaTest" time="0.001" classname="testNGtest"/>
  <testcase name="multipTest" time="0.001" classname="testNGtest"/>
  <testcase name="subsTest" time="0.000" classname="testNGtest"/>
  <testcase name="checkThreads" time="0.006" classname="testNGtest"/>
  <testcase name="sumaTest" time="0.000" classname="testNGtest"/>
  <testcase name="checkValuesTest" time="0.002" classname="testNGtest"/>
  <testcase name="subsTest" time="0.000" classname="testNGtest"/>
  <testcase name="checkThreads" time="0.001" classname="testNGtest"/>
  <testcase name="checkThreads" time="0.011" classname="testNGtest"/>
  <testcase name="executeOperation" time="0.000" classname="testNGtest"/>
  <testcase name="checkThreads" time="0.015" classname="testNGtest"/>
  <testcase name="checkThreads" time="0.001" classname="testNGtest"/>
  <testcase name="checkThreads" time="0.001" classname="testNGtest"/>
  <testcase name="checkThreads" time="0.001" classname="testNGtest"/>
  <testcase name="checkThreads" time="0.001" classname="testNGtest"/>
  <testcase name="checkThreads" time="0.001" classname="testNGtest"/>
  <testcase name="checkThreads" time="0.015" classname="testNGtest"/>
  <testcase name="checkThreads" time="0.012" classname="testNGtest"/>
  <testcase name="checkThreads" time="0.001" classname="testNGtest"/>
  <testcase name="multipTest" time="0.001" classname="testNGtest"/>
  <testcase name="checkThreads" time="0.015" classname="testNGtest"/>
  <testcase name="multipTest" time="0.000" classname="testNGtest"/>
  <testcase name="checkThreads" time="0.002" classname="testNGtest"/>
  <testcase name="sumaTest" time="0.001" classname="testNGtest"/>
  <testcase name="checkThreads" time="0.001" classname="testNGtest"/>
  <testcase name="checkThreads" time="0.011" classname="testNGtest"/>
  <testcase name="checkThreads" time="0.001" classname="testNGtest"/>
  <testcase name="checkThreads" time="0.002" classname="testNGtest"/>
  <testcase name="checkThreads" time="0.015" classname="testNGtest"/>
  <testcase name="subsTest" time="0.001" classname="testNGtest"/>
  <testcase name="checkThreads" time="0.001" classname="testNGtest"/>
  <testcase name="checkThreads" time="0.001" classname="testNGtest"/>
  <testcase name="checkThreads" time="0.002" classname="testNGtest"/>
  <testcase name="checkThreads" time="0.003" classname="testNGtest"/>
  <testcase name="divisionCheck" time="0.000" classname="testNGtest"/>
</testsuite> <!-- testNGtest -->
