<?xml version="1.0" encoding="UTF-8"?>
<!-- Generated by org.testng.reporters.JUnitReportReporter -->
<testsuite hostname="EPPLKRAW0119" name="tests.CalcTest" tests="4" failures="0" timestamp="22 Feb 2015 17:12:29 GMT" time="0.015" errors="0">
  <testcase name="checkDivisionWithInMemoryValue" time="0.001" classname="tests.CalcTest"/>
  <testcase name="checkDivisionWithInMemory" time="0.002" classname="tests.CalcTest"/>
  <testcase name="setInToMemory" time="0.005" classname="tests.CalcTest"/>
  <testcase name="checkDivision" time="0.007" classname="tests.CalcTest"/>
</testsuite> <!-- tests.CalcTest -->
