<?xml version="1.0" encoding="UTF-8"?>
<!-- Generated by org.testng.reporters.JUnitReportReporter -->
<testsuite hostname="EPPLKRAW0119" name="testNGtest" tests="3" failures="0" timestamp="20 Feb 2015 16:21:08 GMT" time="0.025" errors="0">
  <testcase name="executeOperation" time="0.001" classname="testNGtest"/>
  <testcase name="executeOperation" time="0.001" classname="testNGtest"/>
  <testcase name="dataProviderTest" time="0.023" classname="testNGtest"/>
</testsuite> <!-- testNGtest -->
